c:\users\derick\source\repos\gdeng03_villegas\gdeng03_villegas\debug\vc143.pdb
c:\users\derick\source\repos\gdeng03_villegas\gdeng03_villegas\debug\vc143.idb
c:\users\derick\source\repos\gdeng03_villegas\gdeng03_villegas\debug\indexbuffer.obj
c:\users\derick\source\repos\gdeng03_villegas\gdeng03_villegas\debug\imgui_widgets.obj
c:\users\derick\source\repos\gdeng03_villegas\gdeng03_villegas\debug\imgui_tables.obj
c:\users\derick\source\repos\gdeng03_villegas\gdeng03_villegas\debug\imgui_impl_win32.obj
c:\users\derick\source\repos\gdeng03_villegas\gdeng03_villegas\debug\imgui_impl_dx11.obj
c:\users\derick\source\repos\gdeng03_villegas\gdeng03_villegas\debug\imgui_draw.obj
c:\users\derick\source\repos\gdeng03_villegas\gdeng03_villegas\debug\imgui_demo.obj
c:\users\derick\source\repos\gdeng03_villegas\gdeng03_villegas\debug\imgui.obj
c:\users\derick\source\repos\gdeng03_villegas\gdeng03_villegas\debug\graphicsengine.obj
c:\users\derick\source\repos\gdeng03_villegas\gdeng03_villegas\debug\gameobjectmanager.obj
c:\users\derick\source\repos\gdeng03_villegas\gdeng03_villegas\debug\enginetime.obj
c:\users\derick\source\repos\gdeng03_villegas\gdeng03_villegas\debug\devicecontext.obj
c:\users\derick\source\repos\gdeng03_villegas\gdeng03_villegas\debug\cube.obj
c:\users\derick\source\repos\gdeng03_villegas\gdeng03_villegas\debug\constantbuffer.obj
c:\users\derick\source\repos\gdeng03_villegas\gdeng03_villegas\debug\cameramanager.obj
c:\users\derick\source\repos\gdeng03_villegas\gdeng03_villegas\debug\camera.obj
c:\users\derick\source\repos\gdeng03_villegas\gdeng03_villegas\debug\basecomponentsystem.obj
c:\users\derick\source\repos\gdeng03_villegas\gdeng03_villegas\debug\appwindow.obj
c:\users\derick\source\repos\gdeng03_villegas\gdeng03_villegas\debug\agameobject.obj
c:\users\derick\source\repos\gdeng03_villegas\gdeng03_villegas\debug\acomponent.obj
c:\users\derick\source\repos\gdeng03_villegas\gdeng03_villegas\debug\window.obj
c:\users\derick\source\repos\gdeng03_villegas\gdeng03_villegas\debug\vertexshader.obj
c:\users\derick\source\repos\gdeng03_villegas\gdeng03_villegas\debug\vertexbuffer.obj
c:\users\derick\source\repos\gdeng03_villegas\gdeng03_villegas\debug\uitoolbar.obj
c:\users\derick\source\repos\gdeng03_villegas\gdeng03_villegas\debug\uiprofiler.obj
c:\users\derick\source\repos\gdeng03_villegas\gdeng03_villegas\debug\uimanager.obj
c:\users\derick\source\repos\gdeng03_villegas\gdeng03_villegas\debug\uiinspector.obj
c:\users\derick\source\repos\gdeng03_villegas\gdeng03_villegas\debug\uihierarchy.obj
c:\users\derick\source\repos\gdeng03_villegas\gdeng03_villegas\debug\swapchain.obj
c:\users\derick\source\repos\gdeng03_villegas\gdeng03_villegas\debug\pixelshader.obj
c:\users\derick\source\repos\gdeng03_villegas\gdeng03_villegas\debug\physicssystem.obj
c:\users\derick\source\repos\gdeng03_villegas\gdeng03_villegas\debug\physicscomponent.obj
c:\users\derick\source\repos\gdeng03_villegas\gdeng03_villegas\debug\main.obj
c:\users\derick\source\repos\gdeng03_villegas\gdeng03_villegas\debug\inputsystem.obj
c:\users\derick\source\repos\gdeng03_villegas\gdeng03_villegas\debug\gdeng03_villegas.tlog\cl.command.1.tlog
c:\users\derick\source\repos\gdeng03_villegas\gdeng03_villegas\debug\gdeng03_villegas.tlog\cl.read.1.tlog
c:\users\derick\source\repos\gdeng03_villegas\gdeng03_villegas\debug\gdeng03_villegas.tlog\cl.write.1.tlog
c:\users\derick\source\repos\gdeng03_villegas\gdeng03_villegas\debug\gdeng03_villegas.tlog\link.command.1.tlog
c:\users\derick\source\repos\gdeng03_villegas\gdeng03_villegas\debug\gdeng03_villegas.tlog\link.read.1.tlog
c:\users\derick\source\repos\gdeng03_villegas\gdeng03_villegas\debug\gdeng03_villegas.tlog\link.write.1.tlog
